<?xml version="1.0" encoding="UTF-8"?>
<testsuite name="AppTest" tests="1" skipped="0" failures="0" errors="0" timestamp="2021-06-18T07:28:01" hostname="DESKTOP-9LIADU3" time="0.628">
  <properties/>
  <testcase name="sendWithAsteriskTest" classname="AppTest" time="0.628"/>
  <system-out><![CDATA[Opened database successfully
delete table
]]></system-out>
  <system-err><![CDATA[]]></system-err>
</testsuite>
